[2025-03-24 18:12:36] Changed to working directory: /home/ec2-user/ai-assistant
[2025-03-24 18:12:36] Activating virtual environment...
[2025-03-24 18:12:36] Using Python 3.9.20
[2025-03-24 18:12:36] Verifying packages...
aiomysql               0.2.0
cryptography           44.0.2
[2025-03-24 18:12:37] Starting bot...
[2025-03-24 18:14:32] Changed to working directory: /home/ec2-user/ai-assistant
[2025-03-24 18:14:32] Activating virtual environment...
[2025-03-24 18:14:32] Using Python 3.9.20
[2025-03-24 18:14:32] Verifying packages...
aiomysql               0.2.0
cryptography           44.0.2
[2025-03-24 18:14:34] Starting bot...
[2025-03-24 18:21:46] === Bot startup initiated ===
[2025-03-24 18:21:46] Waiting for MySQL to be fully ready...
[2025-03-24 18:21:46] MySQL is ready after 1 attempts
[2025-03-24 18:21:46] Changed to working directory: /home/ec2-user/ai-assistant
[2025-03-24 18:21:46] Activating virtual environment...
[2025-03-24 18:21:46] Using Python 3.9.20
[2025-03-24 18:21:46] Verifying packages...
aiomysql               0.2.0
cryptography           44.0.2
[2025-03-24 18:21:47] Starting bot...
[2025-03-24 18:32:00] === Bot startup initiated ===
[2025-03-24 18:32:00] Waiting for MySQL to be fully ready...
[2025-03-24 18:32:01] MySQL is ready after 1 attempts
[2025-03-24 18:32:01] Changed to working directory: /home/ec2-user/ai-assistant
[2025-03-24 18:32:01] Activating virtual environment...
[2025-03-24 18:32:01] Using Python 3.9.20
[2025-03-24 18:32:01] Verifying packages...
aiomysql               0.2.0
cryptography           44.0.2
[2025-03-24 18:32:02] Starting bot...
[2025-03-24 18:37:31] === Bot startup initiated ===
[2025-03-24 18:37:31] Waiting for MySQL to be fully ready...
[2025-03-24 18:37:31] MySQL is ready after 1 attempts
[2025-03-24 18:37:31] Changed to working directory: /home/ec2-user/ai-assistant
[2025-03-24 18:37:31] Activating virtual environment...
[2025-03-24 18:37:31] Using Python 3.9.20
[2025-03-24 18:37:31] Verifying packages...
aiomysql               0.2.0
cryptography           44.0.2
[2025-03-24 18:37:32] Starting bot...
[2025-03-24 18:42:54] === Bot startup initiated ===
[2025-03-24 18:42:54] Waiting for MySQL to be fully ready...
[2025-03-24 18:42:54] MySQL is ready after 1 attempts
[2025-03-24 18:42:54] Changed to working directory: /home/ec2-user/ai-assistant
[2025-03-24 18:42:54] Activating virtual environment...
[2025-03-24 18:42:54] Using Python 3.9.20
[2025-03-24 18:42:54] Verifying packages...
aiomysql               0.2.0
cryptography           44.0.2
[2025-03-24 18:42:55] Starting bot...
[2025-03-24 18:45:07] === Bot startup initiated ===
[2025-03-24 18:45:07] Waiting for MySQL to be fully ready...
[2025-03-24 18:45:07] MySQL is ready after 1 attempts
[2025-03-24 18:45:07] Changed to working directory: /home/ec2-user/ai-assistant
[2025-03-24 18:45:07] Activating virtual environment...
[2025-03-24 18:45:07] Using Python 3.9.20
[2025-03-24 18:45:07] Verifying packages...
======= Bot startup: Mon Mar 24 18:56:40 UTC 2025 =======
Waiting for MySQL...
MySQL is available!
Starting bot with venv Python...
